# JRE version: Java(TM) SE Runtime Environment (7.0_75-b13) (build 1.7.0_75-b13)
# Java VM: Java HotSpot(TM) 64-Bit Server VM (24.75-b04 mixed mode windows-amd64 compressed oops)
Heap
 PSYoungGen      total 281088K, used 158678K [0x00000000eaa80000, 0x00000000fd400000, 0x0000000100000000)
  eden space 259584K, 61% used [0x00000000eaa80000,0x00000000f4575b40,0x00000000fa800000)
  from space 21504K, 0% used [0x00000000fbf00000,0x00000000fbf00000,0x00000000fd400000)
  to   space 22528K, 0% used [0x00000000fa800000,0x00000000fa800000,0x00000000fbe00000)
 ParOldGen       total 56832K, used 51693K [0x00000000c0000000, 0x00000000c3780000, 0x00000000eaa80000)
  object space 56832K, 90% used [0x00000000c0000000,0x00000000c327b4d8,0x00000000c3780000)
 PSPermGen       total 90624K, used 56472K [0x00000000b0000000, 0x00000000b5880000, 0x00000000c0000000)
  object space 90624K, 62% used [0x00000000b0000000,0x00000000b3726270,0x00000000b5880000)
GC Heap History (10 events):
Event: 69.477 GC heap before
{Heap before GC invocations=13 (full 1):
 PSYoungGen      total 186368K, used 29266K [0x00000000eaa80000, 0x00000000fa000000, 0x0000000100000000)
  eden space 170496K, 7% used [0x00000000eaa80000,0x00000000eb798aa0,0x00000000f5100000)
  from space 15872K, 99% used [0x00000000f5100000,0x00000000f607bf50,0x00000000f6080000)
  to   space 19456K, 0% used [0x00000000f8d00000,0x00000000f8d00000,0x00000000fa000000)
 ParOldGen       total 56832K, used 28624K [0x00000000c0000000, 0x00000000c3780000, 0x00000000eaa80000)
  object space 56832K, 50% used [0x00000000c0000000,0x00000000c1bf4178,0x00000000c3780000)
 PSPermGen       total 67584K, used 44024K [0x00000000b0000000, 0x00000000b4200000, 0x00000000c0000000)
  object space 67584K, 65% used [0x00000000b0000000,0x00000000b2afe020,0x00000000b4200000)
Event: 69.543 GC heap after
Heap after GC invocations=13 (full 1):
 PSYoungGen      total 231936K, used 544K [0x00000000eaa80000, 0x00000000fa000000, 0x0000000100000000)
  eden space 212480K, 0% used [0x00000000eaa80000,0x00000000eaa80000,0x00000000f7a00000)
  from space 19456K, 2% used [0x00000000f8d00000,0x00000000f8d88000,0x00000000fa000000)
  to   space 19456K, 0% used [0x00000000f7a00000,0x00000000f7a00000,0x00000000f8d00000)
 ParOldGen       total 56832K, used 43081K [0x00000000c0000000, 0x00000000c3780000, 0x00000000eaa80000)
  object space 56832K, 75% used [0x00000000c0000000,0x00000000c2a124c0,0x00000000c3780000)
 PSPermGen       total 67584K, used 44024K [0x00000000b0000000, 0x00000000b4200000, 0x00000000c0000000)
  object space 67584K, 65% used [0x00000000b0000000,0x00000000b2afe020,0x00000000b4200000)
}
Event: 69.543 GC heap before
{Heap before GC invocations=14 (full 2):
 PSYoungGen      total 231936K, used 544K [0x00000000eaa80000, 0x00000000fa000000, 0x0000000100000000)
  eden space 212480K, 0% used [0x00000000eaa80000,0x00000000eaa80000,0x00000000f7a00000)
  from space 19456K, 2% used [0x00000000f8d00000,0x00000000f8d88000,0x00000000fa000000)
  to   space 19456K, 0% used [0x00000000f7a00000,0x00000000f7a00000,0x00000000f8d00000)
 ParOldGen       total 56832K, used 43081K [0x00000000c0000000, 0x00000000c3780000, 0x00000000eaa80000)
  object space 56832K, 75% used [0x00000000c0000000,0x00000000c2a124c0,0x00000000c3780000)
 PSPermGen       total 67584K, used 44024K [0x00000000b0000000, 0x00000000b4200000, 0x00000000c0000000)
  object space 67584K, 65% used [0x00000000b0000000,0x00000000b2afe020,0x00000000b4200000)
Event: 70.173 GC heap after
Heap after GC invocations=14 (full 2):
 PSYoungGen      total 231936K, used 0K [0x00000000eaa80000, 0x00000000fa000000, 0x0000000100000000)
  eden space 212480K, 0% used [0x00000000eaa80000,0x00000000eaa80000,0x00000000f7a00000)
  from space 19456K, 0% used [0x00000000f8d00000,0x00000000f8d00000,0x00000000fa000000)
  to   space 19456K, 0% used [0x00000000f7a00000,0x00000000f7a00000,0x00000000f8d00000)
 ParOldGen       total 56832K, used 35642K [0x00000000c0000000, 0x00000000c3780000, 0x00000000eaa80000)
  object space 56832K, 62% used [0x00000000c0000000,0x00000000c22ce9d8,0x00000000c3780000)
 PSPermGen       total 83968K, used 43980K [0x00000000b0000000, 0x00000000b5200000, 0x00000000c0000000)
  object space 83968K, 52% used [0x00000000b0000000,0x00000000b2af3198,0x00000000b5200000)
}
Event: 288.873 GC heap before
{Heap before GC invocations=15 (full 2):
 PSYoungGen      total 231936K, used 212480K [0x00000000eaa80000, 0x00000000fa000000, 0x0000000100000000)
  eden space 212480K, 100% used [0x00000000eaa80000,0x00000000f7a00000,0x00000000f7a00000)
  from space 19456K, 0% used [0x00000000f8d00000,0x00000000f8d00000,0x00000000fa000000)
  to   space 19456K, 0% used [0x00000000f7a00000,0x00000000f7a00000,0x00000000f8d00000)
 ParOldGen       total 56832K, used 35642K [0x00000000c0000000, 0x00000000c3780000, 0x00000000eaa80000)
  object space 56832K, 62% used [0x00000000c0000000,0x00000000c22ce9d8,0x00000000c3780000)
 PSPermGen       total 83968K, used 50698K [0x00000000b0000000, 0x00000000b5200000, 0x00000000c0000000)
  object space 83968K, 60% used [0x00000000b0000000,0x00000000b31828c8,0x00000000b5200000)
Event: 290.007 GC heap after
Heap after GC invocations=15 (full 2):
 PSYoungGen      total 231936K, used 19426K [0x00000000eaa80000, 0x00000000fd600000, 0x0000000100000000)
  eden space 212480K, 0% used [0x00000000eaa80000,0x00000000eaa80000,0x00000000f7a00000)
  from space 19456K, 99% used [0x00000000f7a00000,0x00000000f8cf89c0,0x00000000f8d00000)
  to   space 23552K, 0% used [0x00000000fbf00000,0x00000000fbf00000,0x00000000fd600000)
 ParOldGen       total 56832K, used 36927K [0x00000000c0000000, 0x00000000c3780000, 0x00000000eaa80000)
  object space 56832K, 64% used [0x00000000c0000000,0x00000000c240fcb0,0x00000000c3780000)
 PSPermGen       total 83968K, used 50698K [0x00000000b0000000, 0x00000000b5200000, 0x00000000c0000000)
  object space 83968K, 60% used [0x00000000b0000000,0x00000000b31828c8,0x00000000b5200000)
}
Event: 356.434 GC heap before
{Heap before GC invocations=16 (full 2):
 PSYoungGen      total 231936K, used 82139K [0x00000000eaa80000, 0x00000000fd600000, 0x0000000100000000)
  eden space 212480K, 29% used [0x00000000eaa80000,0x00000000ee7be5f0,0x00000000f7a00000)
  from space 19456K, 99% used [0x00000000f7a00000,0x00000000f8cf89c0,0x00000000f8d00000)
  to   space 23552K, 0% used [0x00000000fbf00000,0x00000000fbf00000,0x00000000fd600000)
 ParOldGen       total 56832K, used 36927K [0x00000000c0000000, 0x00000000c3780000, 0x00000000eaa80000)
  object space 56832K, 64% used [0x00000000c0000000,0x00000000c240fcb0,0x00000000c3780000)
 PSPermGen       total 83968K, used 51778K [0x00000000b0000000, 0x00000000b5200000, 0x00000000c0000000)
  object space 83968K, 61% used [0x00000000b0000000,0x00000000b3290a00,0x00000000b5200000)
Event: 385.267 GC heap after
Heap after GC invocations=16 (full 2):
 PSYoungGen      total 281088K, used 3870K [0x00000000eaa80000, 0x00000000fd400000, 0x0000000100000000)
  eden space 259584K, 0% used [0x00000000eaa80000,0x00000000eaa80000,0x00000000fa800000)
  from space 21504K, 17% used [0x00000000fbf00000,0x00000000fc2c7ab8,0x00000000fd400000)
  to   space 22528K, 0% used [0x00000000fa800000,0x00000000fa800000,0x00000000fbe00000)
 ParOldGen       total 56832K, used 50395K [0x00000000c0000000, 0x00000000c3780000, 0x00000000eaa80000)
  object space 56832K, 88% used [0x00000000c0000000,0x00000000c3136f00,0x00000000c3780000)
 PSPermGen       total 83968K, used 51778K [0x00000000b0000000, 0x00000000b5200000, 0x00000000c0000000)
  object space 83968K, 61% used [0x00000000b0000000,0x00000000b3290a00,0x00000000b5200000)
}
Event: 386.525 GC heap before
{Heap before GC invocations=17 (full 3):
 PSYoungGen      total 281088K, used 3870K [0x00000000eaa80000, 0x00000000fd400000, 0x0000000100000000)
  eden space 259584K, 0% used [0x00000000eaa80000,0x00000000eaa80000,0x00000000fa800000)
  from space 21504K, 17% used [0x00000000fbf00000,0x00000000fc2c7ab8,0x00000000fd400000)
  to   space 22528K, 0% used [0x00000000fa800000,0x00000000fa800000,0x00000000fbe00000)
 ParOldGen       total 56832K, used 50395K [0x00000000c0000000, 0x00000000c3780000, 0x00000000eaa80000)
  object space 56832K, 88% used [0x00000000c0000000,0x00000000c3136f00,0x00000000c3780000)
 PSPermGen       total 83968K, used 51778K [0x00000000b0000000, 0x00000000b5200000, 0x00000000c0000000)
  object space 83968K, 61% used [0x00000000b0000000,0x00000000b3290a00,0x00000000b5200000)
Event: 555.079 GC heap after
Heap after GC invocations=17 (full 3):
 PSYoungGen      total 281088K, used 0K [0x00000000eaa80000, 0x00000000fd400000, 0x0000000100000000)
  eden space 259584K, 0% used [0x00000000eaa80000,0x00000000eaa80000,0x00000000fa800000)
  from space 21504K, 0% used [0x00000000fbf00000,0x00000000fbf00000,0x00000000fd400000)
  to   space 22528K, 0% used [0x00000000fa800000,0x00000000fa800000,0x00000000fbe00000)
 ParOldGen       total 56832K, used 51693K [0x00000000c0000000, 0x00000000c3780000, 0x00000000eaa80000)
  object space 56832K, 90% used [0x00000000c0000000,0x00000000c327b4d8,0x00000000c3780000)
 PSPermGen       total 90624K, used 51737K [0x00000000b0000000, 0x00000000b5880000, 0x00000000c0000000)
  object space 90624K, 57% used [0x00000000b0000000,0x00000000b3286700,0x00000000b5880000)
}

